2025-08-16 22:47:37 [MAIN] [INFO]: Server started on port 4000
2025-08-16 22:49:13 [MAIN] [INFO]: Server started on port 4000
2025-08-16 23:00:06 [MAIN] [INFO]: Server started on port 4000
2025-08-16 23:03:25 [MAIN] [INFO]: Server started on port 4000
2025-08-16 23:03:41 [MAIN] [INFO]: Server started on port 4000
2025-08-16 23:06:23 [MAIN] [INFO]: Server started on port 4000
2025-08-16 23:17:58 [MAIN] [INFO]: Server started on port 4000
2025-08-16 23:25:42 [MAIN] [INFO]: Server started on port 4000
2025-08-17 01:58:32 [MAIN] [INFO]: Server started on port 4000
2025-08-17 03:16:44 [MAIN] [INFO]: Server started on port 4000
2025-08-17 05:44:06 [MAIN] [INFO]: Server started on port 4000
2025-08-17 05:52:15 [ERR_HANDLER] [ERROR]: Ошибка при валидации
2025-08-17 05:52:18 [ERR_HANDLER] [ERROR]: Ошибка при валидации
2025-08-17 15:13:18 [MAIN] [INFO]: Server started on port 4000
2025-08-17 15:27:06 [MAIN] [INFO]: Server started on port 4000
2025-08-17 15:27:20 [ERR_HANDLER] [ERROR]: Пользователь с почтовым адресом morozov.maksm20@yandex.ru уже существует
2025-08-17 15:27:28 [ERR_HANDLER] [ERROR]: E11000 duplicate key error collection: test.users index: resetPasswordCode_1 dup key: { resetPasswordCode: null }
{
  "method": "POST",
  "url": "/api/auth/register",
  "body": {
    "name": "Maksim Morozov",
    "email": "morozov.maksm20@yandex.ruu",
    "password": "123456"
  },
  "query": {},
  "params": {}
}
2025-08-17 15:30:29 [ERR_HANDLER] [ERROR]: E11000 duplicate key error collection: test.users index: resetPasswordCode_1 dup key: { resetPasswordCode: null }
{
  "method": "POST",
  "url": "/api/auth/register",
  "body": {
    "name": "Maksim Morozov",
    "email": "morozov.maksm20@yandex.ruu",
    "password": "123456"
  },
  "query": {},
  "params": {}
}
2025-08-17 15:34:30 [MAIN] [INFO]: Server started on port 4000
2025-08-17 15:34:34 [ERR_HANDLER] [ERROR]: Ошибка при валидации
2025-08-17 15:39:00 [MAIN] [INFO]: Server started on port 4000
2025-08-17 15:39:11 [MAIN] [INFO]: Server started on port 4000
2025-08-17 15:39:13 [ERR_HANDLER] [ERROR]: Ошибка при валидации
2025-08-17 16:08:17 [MAIN] [INFO]: Server started on port 4000
2025-08-17 16:08:24 [ERR_HANDLER] [ERROR]: Ошибка при валидации
2025-08-17 16:17:11 [ERR_HANDLER] [ERROR]: Ошибка при валидации
2025-08-17 16:28:12 [MAIN] [INFO]: Server started on port 4000
2025-08-17 16:28:25 [ERR_HANDLER] [ERROR]: Пользователь с почтовым адресом morozov.maksm20@yandex.ru уже существует
2025-08-17 16:29:06 [MAIN] [INFO]: Server started on port 4000
2025-08-17 16:29:15 [MAIN] [INFO]: Server started on port 4000
2025-08-17 16:29:18 [ERR_HANDLER] [ERROR]: Ошибка при валидации
2025-08-17 16:46:21 [MAIN] [INFO]: Server started on port 4000
2025-08-17 16:46:39 [ERR_HANDLER] [ERROR]: Пользователь с таким email не найден
2025-08-17 16:46:45 [ERR_HANDLER] [ERROR]: Неверный пароль
2025-08-17 20:13:35 [MAIN] [INFO]: Server started on port 4000
2025-08-17 20:17:31 [ERR_HANDLER] [ERROR]: Неверный код или срок действия истек
2025-08-17 20:17:38 [ERR_HANDLER] [ERROR]: Неверный код или срок действия истек
2025-08-17 20:18:00 [ERR_HANDLER] [ERROR]: Неверный код или срок действия истек
2025-08-17 20:19:09 [ERR_HANDLER] [ERROR]: Неверный код или срок действия истек
2025-08-17 20:21:16 [MAIN] [INFO]: Server started on port 4000
2025-08-17 20:22:11 [MAIN] [INFO]: Server started on port 4000
2025-08-17 20:22:40 [ERR_HANDLER] [ERROR]: Неверный код или срок действия истек
2025-08-17 20:23:54 [MAIN] [INFO]: Server started on port 4000
2025-08-17 20:23:57 [ERR_HANDLER] [ERROR]: Неверный код или срок действия истек
2025-08-17 20:28:22 [MAIN] [INFO]: Server started on port 4000
2025-08-17 20:28:48 [ERR_HANDLER] [ERROR]: Неверный код или срок действия истек
2025-08-17 20:29:17 [MAIN] [INFO]: Server started on port 4000
2025-08-17 20:29:23 [ERR_HANDLER] [ERROR]: Неверный код или срок действия истек
2025-08-17 20:29:39 [ERR_HANDLER] [ERROR]: Неверный код или срок действия истек
2025-08-17 20:30:18 [ERR_HANDLER] [ERROR]: Неверный код или срок действия истек
2025-08-17 20:43:48 [ERR_HANDLER] [ERROR]: Пользователь не авторизован
2025-08-17 20:43:48 [ERR_HANDLER] [ERROR]: Пользователь не авторизован
2025-08-17 20:45:42 [ERR_HANDLER] [ERROR]: Пользователь не найден
2025-08-17 20:45:59 [ERR_HANDLER] [ERROR]: Пользователь не найден
2025-08-17 20:56:17 [ERR_HANDLER] [ERROR]: Пользователь не найден
2025-08-17 21:02:14 [MAIN] [INFO]: Server started on port 4000
2025-08-17 21:02:40 [ERR_HANDLER] [ERROR]: Пользователь не найден
2025-08-17 21:05:47 [MAIN] [INFO]: Server started on port 4000
2025-08-17 21:05:50 [ERR_HANDLER] [ERROR]: Пользователь не найден
2025-08-17 21:06:59 [MAIN] [INFO]: Server started on port 4000
2025-08-17 21:07:01 [ERR_HANDLER] [ERROR]: Пользователь не найден
2025-08-17 21:07:37 [MAIN] [INFO]: Server started on port 4000
2025-08-17 21:07:40 [ERR_HANDLER] [ERROR]: Пользователь не найден
2025-08-17 21:09:05 [MAIN] [INFO]: Server started on port 4000
2025-08-17 21:09:07 [ERR_HANDLER] [ERROR]: Пользователь не найден
2025-08-17 21:09:33 [MAIN] [INFO]: Server started on port 4000
2025-08-17 21:09:37 [ERR_HANDLER] [ERROR]: Пользователь не найден
2025-08-17 21:10:23 [MAIN] [INFO]: Server started on port 4000
2025-08-17 21:10:25 [ERR_HANDLER] [ERROR]: Пользователь не найден
2025-08-17 21:11:41 [MAIN] [INFO]: Server started on port 4000
2025-08-17 21:11:43 [ERR_HANDLER] [ERROR]: Пользователь не найден
2025-08-17 21:12:17 [MAIN] [INFO]: Server started on port 4000
2025-08-17 21:12:55 [MAIN] [INFO]: Server started on port 4000
2025-08-17 21:15:21 [MAIN] [INFO]: Server started on port 4000
2025-08-17 21:17:30 [MAIN] [INFO]: Server started on port 4000
2025-08-17 21:17:31 [ERR_HANDLER] [ERROR]: Пользователь не авторизован
2025-08-17 21:17:31 [ERR_HANDLER] [ERROR]: Пользователь не авторизован
2025-08-17 21:19:18 [MAIN] [INFO]: Server started on port 4000
2025-08-17 21:19:42 [MAIN] [INFO]: Server started on port 4000
2025-08-17 21:27:06 [ERR_HANDLER] [ERROR]: Пользователь с почтовым адресом morozov.maksm20@yandex.ru уже существует
2025-08-17 21:27:16 [ERR_HANDLER] [ERROR]: E11000 duplicate key error collection: test.users index: resetPasswordCode_1 dup key: { resetPasswordCode: null }
{
  "method": "POST",
  "url": "/api/auth/register",
  "body": {
    "name": "Maksim Morozov",
    "email": "morozov.maksm20@gmail.ru",
    "password": "123456"
  },
  "query": {},
  "params": {}
}
2025-08-17 21:27:32 [ERR_HANDLER] [ERROR]: E11000 duplicate key error collection: test.users index: resetPasswordCode_1 dup key: { resetPasswordCode: null }
{
  "method": "POST",
  "url": "/api/auth/register",
  "body": {
    "name": "Maksim Morozov",
    "email": "morozov.maksm20@gmail.ru",
    "password": "123456"
  },
  "query": {},
  "params": {}
}
2025-08-17 21:29:21 [MAIN] [INFO]: Server started on port 4000
2025-08-17 21:29:24 [ERR_HANDLER] [ERROR]: E11000 duplicate key error collection: test.users index: resetPasswordCode_1 dup key: { resetPasswordCode: null }
{
  "method": "POST",
  "url": "/api/auth/register",
  "body": {
    "name": "Maksim Morozov",
    "email": "morozov.maksm20@gmail.ru",
    "password": "123456"
  },
  "query": {},
  "params": {}
}
2025-08-17 21:30:27 [MAIN] [INFO]: Server started on port 4000
2025-08-17 21:30:30 [ERR_HANDLER] [ERROR]: E11000 duplicate key error collection: test.users index: resetPasswordCode_1 dup key: { resetPasswordCode: null }
{
  "method": "POST",
  "url": "/api/auth/register",
  "body": {
    "name": "Maksim Morozov",
    "email": "morozov.maksm20@gmail.ru",
    "password": "123456"
  },
  "query": {},
  "params": {}
}
2025-08-17 21:32:23 [MAIN] [INFO]: Server started on port 4000
2025-08-17 21:32:25 [ERR_HANDLER] [ERROR]: E11000 duplicate key error collection: test.users index: resetPasswordCode_1 dup key: { resetPasswordCode: null }
{
  "method": "POST",
  "url": "/api/auth/register",
  "body": {
    "name": "Maksim Morozov",
    "email": "morozov.maksm20@gmail.ru",
    "password": "123456"
  },
  "query": {},
  "params": {}
}
2025-08-17 21:34:01 [MAIN] [INFO]: Server started on port 4000
2025-08-17 21:35:16 [ERR_HANDLER] [ERROR]: E11000 duplicate key error collection: test.users index: resetPasswordCode_1 dup key: { resetPasswordCode: null }
{
  "method": "POST",
  "url": "/api/auth/register",
  "body": {
    "name": "Maksim Morozov",
    "email": "morozov.maksm20@yandex.ru",
    "password": "123456"
  },
  "query": {},
  "params": {}
}
2025-08-17 21:47:37 [ERR_HANDLER] [ERROR]: Пользователь с таким email не найден
2025-08-17 21:47:43 [ERR_HANDLER] [ERROR]: Пользователь с таким email не найден
2025-08-17 21:49:32 [ERR_HANDLER] [ERROR]: Пользователь с таким email не найден
2025-08-17 21:50:12 [ERR_HANDLER] [ERROR]: Неверный код или срок действия истек
2025-08-17 21:50:43 [ERR_HANDLER] [ERROR]: Пользователь с таким email не найден
2025-08-17 22:01:53 [MAIN] [INFO]: Server started on port 4000
2025-08-17 22:04:24 [MAIN] [INFO]: Server started on port 4000
2025-08-17 22:05:26 [MAIN] [INFO]: Server started on port 4000
2025-08-17 22:07:48 [MAIN] [INFO]: Server started on port 4000
2025-08-18 00:02:15 [MAIN] [INFO]: Server started on port 4000
2025-08-18 00:02:20 [ERR_HANDLER] [ERROR]: Пользователь с таким email не найден
2025-08-18 00:21:57 [ERR_HANDLER] [ERROR]: Пользователь не авторизован
2025-08-18 00:21:57 [ERR_HANDLER] [ERROR]: Пользователь не авторизован
2025-08-18 01:47:12 [ERR_HANDLER] [ERROR]: ENOENT: no such file or directory, open '/Users/maksimmorozov/Desktop/Web-developer/Frontend-dev/dev/Lumi/backend/dist/src/static/avatars/1755463632129-458065805.avif'
{
  "method": "PATCH",
  "url": "/api/user/me/avatar",
  "body": {},
  "query": {},
  "params": {}
}
2025-08-18 01:48:51 [MAIN] [INFO]: Server started on port 4000
2025-08-18 01:49:36 [ERR_HANDLER] [ERROR]: ENOENT: no such file or directory, open '/Users/maksimmorozov/Desktop/Web-developer/Frontend-dev/dev/Lumi/backend/dist/src/static/avatars/1755463776320-51507095.avif'
{
  "method": "PATCH",
  "url": "/api/user/me/avatar",
  "body": {},
  "query": {},
  "params": {}
}
2025-08-18 01:50:51 [ERR_HANDLER] [ERROR]: ENOENT: no such file or directory, open '/Users/maksimmorozov/Desktop/Web-developer/Frontend-dev/dev/Lumi/backend/dist/src/static/avatars/1755463851606-712464415.avif'
{
  "method": "PATCH",
  "url": "/api/user/me/avatar",
  "body": {},
  "query": {},
  "params": {}
}
2025-08-18 01:55:00 [MAIN] [INFO]: Server started on port 4000
2025-08-18 02:04:45 [MAIN] [INFO]: Server started on port 4000
2025-08-18 02:38:00 [MAIN] [INFO]: Server started on port 4000
2025-08-18 02:38:03 [ERR_HANDLER] [ERROR]: Текущий пароль неверный
2025-08-18 02:40:31 [ERR_HANDLER] [ERROR]: Текущий пароль неверный
2025-08-18 03:10:49 [ERR_HANDLER] [ERROR]: Пользователь не авторизован
2025-08-18 03:10:49 [ERR_HANDLER] [ERROR]: Пользователь не авторизован
2025-08-18 03:10:50 [ERR_HANDLER] [ERROR]: Пользователь не авторизован
2025-08-18 03:10:50 [ERR_HANDLER] [ERROR]: Пользователь не авторизован
2025-08-18 03:10:51 [ERR_HANDLER] [ERROR]: Пользователь не авторизован
2025-08-18 03:10:51 [ERR_HANDLER] [ERROR]: Пользователь не авторизован
2025-08-18 03:10:51 [ERR_HANDLER] [ERROR]: Пользователь не авторизован
2025-08-18 03:10:51 [ERR_HANDLER] [ERROR]: Пользователь не авторизован
2025-08-18 03:10:51 [ERR_HANDLER] [ERROR]: Пользователь не авторизован
2025-08-18 03:10:51 [ERR_HANDLER] [ERROR]: Пользователь не авторизован
2025-08-18 03:10:52 [ERR_HANDLER] [ERROR]: Пользователь не авторизован
2025-08-18 03:10:52 [ERR_HANDLER] [ERROR]: Пользователь не авторизован
2025-08-18 03:10:52 [ERR_HANDLER] [ERROR]: Пользователь не авторизован
2025-08-18 03:10:52 [ERR_HANDLER] [ERROR]: Пользователь не авторизован
2025-08-18 03:10:52 [ERR_HANDLER] [ERROR]: Пользователь не авторизован
2025-08-18 03:10:53 [ERR_HANDLER] [ERROR]: Пользователь не авторизован
2025-08-18 03:10:53 [ERR_HANDLER] [ERROR]: Пользователь не авторизован
2025-08-18 03:10:53 [ERR_HANDLER] [ERROR]: Пользователь не авторизован
2025-08-18 03:10:53 [ERR_HANDLER] [ERROR]: Пользователь не авторизован
2025-08-18 03:10:53 [ERR_HANDLER] [ERROR]: Пользователь не авторизован
2025-08-18 03:10:54 [ERR_HANDLER] [ERROR]: Пользователь не авторизован
2025-08-18 03:10:54 [ERR_HANDLER] [ERROR]: Пользователь не авторизован
2025-08-18 03:10:54 [ERR_HANDLER] [ERROR]: Пользователь не авторизован
2025-08-18 03:10:54 [ERR_HANDLER] [ERROR]: Пользователь не авторизован
2025-08-18 03:10:54 [ERR_HANDLER] [ERROR]: Пользователь не авторизован
2025-08-18 03:10:54 [ERR_HANDLER] [ERROR]: Пользователь не авторизован
2025-08-18 03:10:55 [ERR_HANDLER] [ERROR]: Пользователь не авторизован
2025-08-18 03:10:55 [ERR_HANDLER] [ERROR]: Пользователь не авторизован
2025-08-18 03:10:55 [ERR_HANDLER] [ERROR]: Пользователь не авторизован
2025-08-18 03:10:55 [ERR_HANDLER] [ERROR]: Пользователь не авторизован
2025-08-18 03:10:55 [ERR_HANDLER] [ERROR]: Пользователь не авторизован
2025-08-18 03:10:55 [ERR_HANDLER] [ERROR]: Пользователь не авторизован
2025-08-18 03:10:56 [ERR_HANDLER] [ERROR]: Пользователь не авторизован
2025-08-18 03:10:56 [ERR_HANDLER] [ERROR]: Пользователь не авторизован
2025-08-18 03:10:56 [ERR_HANDLER] [ERROR]: Пользователь не авторизован
2025-08-18 03:10:56 [ERR_HANDLER] [ERROR]: Пользователь не авторизован
2025-08-18 03:10:56 [ERR_HANDLER] [ERROR]: Пользователь не авторизован
2025-08-18 03:10:56 [ERR_HANDLER] [ERROR]: Пользователь не авторизован
2025-08-18 03:10:57 [ERR_HANDLER] [ERROR]: Пользователь не авторизован
2025-08-18 03:10:57 [ERR_HANDLER] [ERROR]: Пользователь не авторизован
2025-08-18 03:10:57 [ERR_HANDLER] [ERROR]: Пользователь не авторизован
2025-08-18 03:10:57 [ERR_HANDLER] [ERROR]: Пользователь не авторизован
2025-08-18 03:10:57 [ERR_HANDLER] [ERROR]: Пользователь не авторизован
2025-08-18 03:10:57 [ERR_HANDLER] [ERROR]: Пользователь не авторизован
2025-08-18 03:10:58 [ERR_HANDLER] [ERROR]: Пользователь не авторизован
2025-08-18 03:10:58 [ERR_HANDLER] [ERROR]: Пользователь не авторизован
2025-08-18 03:10:58 [ERR_HANDLER] [ERROR]: Пользователь не авторизован
2025-08-18 03:10:58 [ERR_HANDLER] [ERROR]: Пользователь не авторизован
2025-08-18 03:10:58 [ERR_HANDLER] [ERROR]: Пользователь не авторизован
2025-08-18 03:10:58 [ERR_HANDLER] [ERROR]: Пользователь не авторизован
2025-08-18 03:10:59 [ERR_HANDLER] [ERROR]: Пользователь не авторизован
2025-08-18 03:10:59 [ERR_HANDLER] [ERROR]: Пользователь не авторизован
2025-08-18 03:10:59 [ERR_HANDLER] [ERROR]: Пользователь не авторизован
2025-08-18 03:10:59 [ERR_HANDLER] [ERROR]: Пользователь не авторизован
2025-08-18 03:10:59 [ERR_HANDLER] [ERROR]: Пользователь не авторизован
2025-08-18 03:10:59 [ERR_HANDLER] [ERROR]: Пользователь не авторизован
2025-08-18 03:11:00 [ERR_HANDLER] [ERROR]: Пользователь не авторизован
2025-08-18 03:11:00 [ERR_HANDLER] [ERROR]: Пользователь не авторизован
2025-08-18 03:11:00 [ERR_HANDLER] [ERROR]: Пользователь не авторизован
2025-08-18 03:11:00 [ERR_HANDLER] [ERROR]: Пользователь не авторизован
2025-08-18 03:11:01 [ERR_HANDLER] [ERROR]: Пользователь не авторизован
2025-08-18 03:11:01 [ERR_HANDLER] [ERROR]: Пользователь не авторизован
2025-08-18 03:11:01 [ERR_HANDLER] [ERROR]: Пользователь не авторизован
2025-08-18 03:11:01 [ERR_HANDLER] [ERROR]: Пользователь не авторизован
2025-08-18 03:11:01 [ERR_HANDLER] [ERROR]: Пользователь не авторизован
2025-08-18 03:11:01 [ERR_HANDLER] [ERROR]: Пользователь не авторизован
2025-08-18 03:11:02 [ERR_HANDLER] [ERROR]: Пользователь не авторизован
2025-08-18 03:11:02 [ERR_HANDLER] [ERROR]: Пользователь не авторизован
2025-08-18 03:11:02 [ERR_HANDLER] [ERROR]: Пользователь не авторизован
2025-08-18 03:11:02 [ERR_HANDLER] [ERROR]: Пользователь не авторизован
2025-08-18 03:11:02 [ERR_HANDLER] [ERROR]: Пользователь не авторизован
2025-08-18 03:11:03 [ERR_HANDLER] [ERROR]: Пользователь не авторизован
2025-08-18 03:11:03 [ERR_HANDLER] [ERROR]: Пользователь не авторизован
2025-08-18 03:11:03 [ERR_HANDLER] [ERROR]: Пользователь не авторизован
2025-08-18 03:11:03 [ERR_HANDLER] [ERROR]: Пользователь не авторизован
2025-08-18 03:11:03 [ERR_HANDLER] [ERROR]: Пользователь не авторизован
2025-08-18 03:11:04 [ERR_HANDLER] [ERROR]: Пользователь не авторизован
2025-08-18 03:11:04 [ERR_HANDLER] [ERROR]: Пользователь не авторизован
2025-08-18 03:11:04 [ERR_HANDLER] [ERROR]: Пользователь не авторизован
2025-08-18 03:11:04 [ERR_HANDLER] [ERROR]: Пользователь не авторизован
2025-08-18 03:11:04 [ERR_HANDLER] [ERROR]: Пользователь не авторизован
2025-08-18 03:11:05 [ERR_HANDLER] [ERROR]: Пользователь не авторизован
2025-08-18 03:11:05 [ERR_HANDLER] [ERROR]: Пользователь не авторизован
2025-08-18 03:11:05 [ERR_HANDLER] [ERROR]: Пользователь не авторизован
2025-08-18 03:11:06 [ERR_HANDLER] [ERROR]: Пользователь не авторизован
2025-08-18 03:11:06 [ERR_HANDLER] [ERROR]: Пользователь не авторизован
2025-08-18 03:11:06 [ERR_HANDLER] [ERROR]: Пользователь не авторизован
2025-08-18 03:11:06 [ERR_HANDLER] [ERROR]: Пользователь не авторизован
2025-08-18 03:11:07 [ERR_HANDLER] [ERROR]: Пользователь не авторизован
2025-08-18 03:11:07 [ERR_HANDLER] [ERROR]: Пользователь не авторизован
2025-08-18 03:11:07 [ERR_HANDLER] [ERROR]: Пользователь не авторизован
2025-08-18 03:11:07 [ERR_HANDLER] [ERROR]: Пользователь не авторизован
2025-08-18 03:11:07 [ERR_HANDLER] [ERROR]: Пользователь не авторизован
2025-08-18 03:11:07 [ERR_HANDLER] [ERROR]: Пользователь не авторизован
2025-08-18 03:11:08 [ERR_HANDLER] [ERROR]: Пользователь не авторизован
2025-08-18 03:11:08 [ERR_HANDLER] [ERROR]: Пользователь не авторизован
2025-08-18 03:11:08 [ERR_HANDLER] [ERROR]: Пользователь не авторизован
2025-08-18 03:11:08 [ERR_HANDLER] [ERROR]: Пользователь не авторизован
2025-08-18 03:11:09 [ERR_HANDLER] [ERROR]: Пользователь не авторизован
2025-08-18 03:11:09 [ERR_HANDLER] [ERROR]: Пользователь не авторизован
2025-08-18 03:18:24 [ERR_HANDLER] [ERROR]: Пользователь не авторизован
2025-08-18 03:18:24 [ERR_HANDLER] [ERROR]: Пользователь не авторизован
2025-08-18 03:18:24 [ERR_HANDLER] [ERROR]: Пользователь не авторизован
2025-08-18 03:18:24 [ERR_HANDLER] [ERROR]: Пользователь не авторизован
2025-08-18 03:18:25 [ERR_HANDLER] [ERROR]: Пользователь не авторизован
2025-08-18 03:18:25 [ERR_HANDLER] [ERROR]: Пользователь не авторизован
2025-08-18 03:18:26 [ERR_HANDLER] [ERROR]: Пользователь не авторизован
2025-08-18 03:18:26 [ERR_HANDLER] [ERROR]: Пользователь не авторизован
2025-08-18 03:18:26 [ERR_HANDLER] [ERROR]: Пользователь не авторизован
2025-08-18 03:18:26 [ERR_HANDLER] [ERROR]: Пользователь не авторизован
2025-08-18 03:18:27 [ERR_HANDLER] [ERROR]: Пользователь не авторизован
2025-08-18 03:18:27 [ERR_HANDLER] [ERROR]: Пользователь не авторизован
2025-08-18 03:18:28 [ERR_HANDLER] [ERROR]: Пользователь не авторизован
2025-08-18 03:18:28 [ERR_HANDLER] [ERROR]: Пользователь не авторизован
2025-08-18 03:18:29 [ERR_HANDLER] [ERROR]: Пользователь не авторизован
2025-08-18 03:18:29 [ERR_HANDLER] [ERROR]: Пользователь не авторизован
2025-08-18 03:18:30 [ERR_HANDLER] [ERROR]: Пользователь не авторизован
2025-08-18 03:18:30 [ERR_HANDLER] [ERROR]: Пользователь не авторизован
2025-08-18 03:18:30 [ERR_HANDLER] [ERROR]: Пользователь не авторизован
2025-08-18 03:18:31 [ERR_HANDLER] [ERROR]: Пользователь не авторизован
2025-08-18 03:18:31 [ERR_HANDLER] [ERROR]: Пользователь не авторизован
2025-08-18 03:18:31 [ERR_HANDLER] [ERROR]: Пользователь не авторизован
2025-08-18 03:18:32 [ERR_HANDLER] [ERROR]: Пользователь не авторизован
2025-08-18 03:18:32 [ERR_HANDLER] [ERROR]: Пользователь не авторизован
2025-08-18 03:18:33 [ERR_HANDLER] [ERROR]: Пользователь не авторизован
2025-08-18 03:18:33 [ERR_HANDLER] [ERROR]: Пользователь не авторизован
2025-08-18 03:18:34 [ERR_HANDLER] [ERROR]: Пользователь не авторизован
2025-08-18 03:18:34 [ERR_HANDLER] [ERROR]: Пользователь не авторизован
2025-08-18 03:18:34 [ERR_HANDLER] [ERROR]: Пользователь не авторизован
2025-08-18 03:18:34 [ERR_HANDLER] [ERROR]: Пользователь не авторизован
2025-08-18 03:18:35 [ERR_HANDLER] [ERROR]: Пользователь не авторизован
2025-08-18 03:18:35 [ERR_HANDLER] [ERROR]: Пользователь не авторизован
2025-08-18 03:18:36 [ERR_HANDLER] [ERROR]: Пользователь не авторизован
2025-08-18 03:18:36 [ERR_HANDLER] [ERROR]: Пользователь не авторизован
2025-08-18 03:18:37 [ERR_HANDLER] [ERROR]: Пользователь не авторизован
2025-08-18 03:18:37 [ERR_HANDLER] [ERROR]: Пользователь не авторизован
2025-08-18 03:18:37 [ERR_HANDLER] [ERROR]: Пользователь не авторизован
2025-08-18 03:18:37 [ERR_HANDLER] [ERROR]: Пользователь не авторизован
2025-08-18 03:18:39 [ERR_HANDLER] [ERROR]: Пользователь не авторизован
2025-08-18 03:18:39 [ERR_HANDLER] [ERROR]: Пользователь не авторизован
2025-08-18 03:18:39 [ERR_HANDLER] [ERROR]: Пользователь не авторизован
2025-08-18 03:18:40 [ERR_HANDLER] [ERROR]: Пользователь не авторизован
2025-08-18 03:18:40 [ERR_HANDLER] [ERROR]: Пользователь не авторизован
2025-08-18 03:18:40 [ERR_HANDLER] [ERROR]: Пользователь не авторизован
2025-08-18 03:18:41 [ERR_HANDLER] [ERROR]: Пользователь не авторизован
2025-08-18 03:18:41 [ERR_HANDLER] [ERROR]: Пользователь не авторизован
2025-08-18 03:18:42 [ERR_HANDLER] [ERROR]: Пользователь не авторизован
2025-08-18 03:18:42 [ERR_HANDLER] [ERROR]: Пользователь не авторизован
2025-08-18 03:18:42 [ERR_HANDLER] [ERROR]: Пользователь не авторизован
2025-08-18 03:18:43 [ERR_HANDLER] [ERROR]: Пользователь не авторизован
2025-08-18 03:18:43 [ERR_HANDLER] [ERROR]: Пользователь не авторизован
2025-08-18 03:18:43 [ERR_HANDLER] [ERROR]: Пользователь не авторизован
2025-08-18 03:18:44 [ERR_HANDLER] [ERROR]: Пользователь не авторизован
2025-08-18 03:18:45 [ERR_HANDLER] [ERROR]: Пользователь не авторизован
2025-08-18 03:18:45 [ERR_HANDLER] [ERROR]: Пользователь не авторизован
2025-08-18 03:18:45 [ERR_HANDLER] [ERROR]: Пользователь не авторизован
2025-08-18 03:18:46 [ERR_HANDLER] [ERROR]: Пользователь не авторизован
2025-08-18 03:18:46 [ERR_HANDLER] [ERROR]: Пользователь не авторизован
2025-08-18 03:19:37 [ERR_HANDLER] [ERROR]: Пользователь не авторизован
2025-08-18 03:19:37 [ERR_HANDLER] [ERROR]: Пользователь не авторизован
2025-08-18 03:19:38 [ERR_HANDLER] [ERROR]: Пользователь не авторизован
2025-08-18 03:19:38 [ERR_HANDLER] [ERROR]: Пользователь не авторизован
2025-08-18 03:19:39 [ERR_HANDLER] [ERROR]: Пользователь не авторизован
2025-08-18 03:19:39 [ERR_HANDLER] [ERROR]: Пользователь не авторизован
2025-08-18 03:19:39 [ERR_HANDLER] [ERROR]: Пользователь не авторизован
2025-08-18 03:19:40 [ERR_HANDLER] [ERROR]: Пользователь не авторизован
2025-08-18 03:19:41 [ERR_HANDLER] [ERROR]: Пользователь не авторизован
2025-08-18 03:19:41 [ERR_HANDLER] [ERROR]: Пользователь не авторизован
2025-08-18 03:19:41 [ERR_HANDLER] [ERROR]: Пользователь не авторизован
2025-08-18 03:19:41 [ERR_HANDLER] [ERROR]: Пользователь не авторизован
2025-08-18 03:19:42 [ERR_HANDLER] [ERROR]: Пользователь не авторизован
2025-08-18 03:19:42 [ERR_HANDLER] [ERROR]: Пользователь не авторизован
2025-08-18 03:19:43 [ERR_HANDLER] [ERROR]: Пользователь не авторизован
2025-08-18 03:19:43 [ERR_HANDLER] [ERROR]: Пользователь не авторизован
2025-08-18 03:20:11 [ERR_HANDLER] [ERROR]: Пользователь не авторизован
2025-08-18 03:20:11 [ERR_HANDLER] [ERROR]: Пользователь не авторизован
2025-08-18 03:20:12 [ERR_HANDLER] [ERROR]: Пользователь не авторизован
2025-08-18 03:20:12 [ERR_HANDLER] [ERROR]: Пользователь не авторизован
2025-08-18 03:20:12 [ERR_HANDLER] [ERROR]: Пользователь не авторизован
2025-08-18 03:20:13 [ERR_HANDLER] [ERROR]: Пользователь не авторизован
2025-08-18 03:20:13 [ERR_HANDLER] [ERROR]: Пользователь не авторизован
2025-08-18 03:20:13 [ERR_HANDLER] [ERROR]: Пользователь не авторизован
2025-08-18 03:20:14 [ERR_HANDLER] [ERROR]: Пользователь не авторизован
2025-08-18 03:20:14 [ERR_HANDLER] [ERROR]: Пользователь не авторизован
2025-08-18 03:20:15 [ERR_HANDLER] [ERROR]: Пользователь не авторизован
2025-08-18 03:20:15 [ERR_HANDLER] [ERROR]: Пользователь не авторизован
2025-08-18 03:20:16 [ERR_HANDLER] [ERROR]: Пользователь не авторизован
2025-08-18 03:20:16 [ERR_HANDLER] [ERROR]: Пользователь не авторизован
2025-08-18 03:20:17 [ERR_HANDLER] [ERROR]: Пользователь не авторизован
2025-08-18 03:20:17 [ERR_HANDLER] [ERROR]: Пользователь не авторизован
2025-08-18 03:20:18 [ERR_HANDLER] [ERROR]: Пользователь не авторизован
2025-08-18 03:20:18 [ERR_HANDLER] [ERROR]: Пользователь не авторизован
2025-08-18 03:21:03 [ERR_HANDLER] [ERROR]: Пользователь не авторизован
2025-08-18 03:21:03 [ERR_HANDLER] [ERROR]: Пользователь не авторизован
2025-08-18 03:21:05 [ERR_HANDLER] [ERROR]: Пользователь не авторизован
2025-08-18 03:21:05 [ERR_HANDLER] [ERROR]: Пользователь не авторизован
2025-08-18 03:21:06 [ERR_HANDLER] [ERROR]: Пользователь не авторизован
2025-08-18 03:21:06 [ERR_HANDLER] [ERROR]: Пользователь не авторизован
2025-08-18 03:21:06 [ERR_HANDLER] [ERROR]: Пользователь не авторизован
2025-08-18 03:21:06 [ERR_HANDLER] [ERROR]: Пользователь не авторизован
2025-08-18 03:27:21 [ERR_HANDLER] [ERROR]: Пользователь не авторизован
2025-08-18 03:27:22 [ERR_HANDLER] [ERROR]: Пользователь не авторизован
2025-08-18 03:27:22 [ERR_HANDLER] [ERROR]: Пользователь не авторизован
2025-08-18 03:27:22 [ERR_HANDLER] [ERROR]: Пользователь не авторизован
2025-08-18 03:27:23 [ERR_HANDLER] [ERROR]: Пользователь не авторизован
2025-08-18 03:27:23 [ERR_HANDLER] [ERROR]: Пользователь не авторизован
2025-08-18 03:27:24 [ERR_HANDLER] [ERROR]: Пользователь не авторизован
2025-08-18 03:27:24 [ERR_HANDLER] [ERROR]: Пользователь не авторизован
2025-08-18 03:27:25 [ERR_HANDLER] [ERROR]: Пользователь не авторизован
2025-08-18 03:27:25 [ERR_HANDLER] [ERROR]: Пользователь не авторизован
2025-08-18 03:27:26 [ERR_HANDLER] [ERROR]: Пользователь не авторизован
2025-08-18 03:27:26 [ERR_HANDLER] [ERROR]: Пользователь не авторизован
2025-08-18 03:27:26 [ERR_HANDLER] [ERROR]: Пользователь не авторизован
2025-08-18 03:27:27 [ERR_HANDLER] [ERROR]: Пользователь не авторизован
2025-08-18 03:27:27 [ERR_HANDLER] [ERROR]: Пользователь не авторизован
2025-08-18 03:27:27 [ERR_HANDLER] [ERROR]: Пользователь не авторизован
2025-08-18 03:27:28 [ERR_HANDLER] [ERROR]: Пользователь не авторизован
2025-08-18 03:27:28 [ERR_HANDLER] [ERROR]: Пользователь не авторизован
2025-08-18 03:27:29 [ERR_HANDLER] [ERROR]: Пользователь не авторизован
2025-08-18 03:27:29 [ERR_HANDLER] [ERROR]: Пользователь не авторизован
2025-08-18 03:27:30 [ERR_HANDLER] [ERROR]: Пользователь не авторизован
2025-08-18 03:37:05 [ERR_HANDLER] [ERROR]: Пользователь не авторизован
2025-08-18 03:37:05 [ERR_HANDLER] [ERROR]: Пользователь не авторизован
2025-08-18 03:37:05 [ERR_HANDLER] [ERROR]: Пользователь не авторизован
2025-08-18 03:37:05 [ERR_HANDLER] [ERROR]: Пользователь не авторизован
2025-08-18 03:37:05 [ERR_HANDLER] [ERROR]: Пользователь не авторизован
2025-08-18 03:37:05 [ERR_HANDLER] [ERROR]: Пользователь не авторизован
2025-08-18 03:37:06 [ERR_HANDLER] [ERROR]: Пользователь не авторизован
2025-08-18 03:37:06 [ERR_HANDLER] [ERROR]: Пользователь не авторизован
2025-08-18 03:37:06 [ERR_HANDLER] [ERROR]: Пользователь не авторизован
2025-08-18 03:37:06 [ERR_HANDLER] [ERROR]: Пользователь не авторизован
2025-08-18 03:37:06 [ERR_HANDLER] [ERROR]: Пользователь не авторизован
2025-08-18 03:37:06 [ERR_HANDLER] [ERROR]: Пользователь не авторизован
2025-08-18 03:37:06 [ERR_HANDLER] [ERROR]: Пользователь не авторизован
2025-08-18 03:37:06 [ERR_HANDLER] [ERROR]: Пользователь не авторизован
2025-08-18 03:37:07 [ERR_HANDLER] [ERROR]: Пользователь не авторизован
2025-08-18 03:37:07 [ERR_HANDLER] [ERROR]: Пользователь не авторизован
2025-08-18 03:37:07 [ERR_HANDLER] [ERROR]: Пользователь не авторизован
2025-08-18 03:37:07 [ERR_HANDLER] [ERROR]: Пользователь не авторизован
2025-08-18 03:37:07 [ERR_HANDLER] [ERROR]: Пользователь не авторизован
2025-08-18 03:37:07 [ERR_HANDLER] [ERROR]: Пользователь не авторизован
2025-08-18 03:37:08 [ERR_HANDLER] [ERROR]: Пользователь не авторизован
2025-08-18 03:37:08 [ERR_HANDLER] [ERROR]: Пользователь не авторизован
2025-08-18 03:37:08 [ERR_HANDLER] [ERROR]: Пользователь не авторизован
2025-08-18 03:37:08 [ERR_HANDLER] [ERROR]: Пользователь не авторизован
2025-08-18 03:37:08 [ERR_HANDLER] [ERROR]: Пользователь не авторизован
2025-08-18 03:37:08 [ERR_HANDLER] [ERROR]: Пользователь не авторизован
2025-08-18 03:37:08 [ERR_HANDLER] [ERROR]: Пользователь не авторизован
2025-08-18 03:37:08 [ERR_HANDLER] [ERROR]: Пользователь не авторизован
2025-08-18 03:37:09 [ERR_HANDLER] [ERROR]: Пользователь не авторизован
2025-08-18 03:37:09 [ERR_HANDLER] [ERROR]: Пользователь не авторизован
2025-08-18 03:37:09 [ERR_HANDLER] [ERROR]: Пользователь не авторизован
2025-08-18 03:37:09 [ERR_HANDLER] [ERROR]: Пользователь не авторизован
2025-08-18 03:37:09 [ERR_HANDLER] [ERROR]: Пользователь не авторизован
2025-08-18 03:37:09 [ERR_HANDLER] [ERROR]: Пользователь не авторизован
2025-08-18 03:37:10 [ERR_HANDLER] [ERROR]: Пользователь не авторизован
2025-08-18 03:37:10 [ERR_HANDLER] [ERROR]: Пользователь не авторизован
2025-08-18 03:37:10 [ERR_HANDLER] [ERROR]: Пользователь не авторизован
2025-08-18 03:37:10 [ERR_HANDLER] [ERROR]: Пользователь не авторизован
2025-08-18 03:37:10 [ERR_HANDLER] [ERROR]: Пользователь не авторизован
2025-08-18 03:37:10 [ERR_HANDLER] [ERROR]: Пользователь не авторизован
2025-08-18 03:37:11 [ERR_HANDLER] [ERROR]: Пользователь не авторизован
2025-08-18 03:37:11 [ERR_HANDLER] [ERROR]: Пользователь не авторизован
2025-08-18 03:37:11 [ERR_HANDLER] [ERROR]: Пользователь не авторизован
2025-08-18 03:37:11 [ERR_HANDLER] [ERROR]: Пользователь не авторизован
2025-08-18 03:37:11 [ERR_HANDLER] [ERROR]: Пользователь не авторизован
2025-08-18 03:37:11 [ERR_HANDLER] [ERROR]: Пользователь не авторизован
2025-08-18 03:37:12 [ERR_HANDLER] [ERROR]: Пользователь не авторизован
2025-08-18 03:37:12 [ERR_HANDLER] [ERROR]: Пользователь не авторизован
2025-08-18 03:37:12 [ERR_HANDLER] [ERROR]: Пользователь не авторизован
2025-08-18 03:37:12 [ERR_HANDLER] [ERROR]: Пользователь не авторизован
2025-08-18 03:37:12 [ERR_HANDLER] [ERROR]: Пользователь не авторизован
2025-08-18 03:37:12 [ERR_HANDLER] [ERROR]: Пользователь не авторизован
2025-08-18 03:37:12 [ERR_HANDLER] [ERROR]: Пользователь не авторизован
2025-08-18 03:37:12 [ERR_HANDLER] [ERROR]: Пользователь не авторизован
2025-08-18 03:37:13 [ERR_HANDLER] [ERROR]: Пользователь не авторизован
2025-08-18 03:37:13 [ERR_HANDLER] [ERROR]: Пользователь не авторизован
2025-08-18 03:37:13 [ERR_HANDLER] [ERROR]: Пользователь не авторизован
2025-08-18 03:37:13 [ERR_HANDLER] [ERROR]: Пользователь не авторизован
2025-08-18 03:37:13 [ERR_HANDLER] [ERROR]: Пользователь не авторизован
2025-08-18 03:37:13 [ERR_HANDLER] [ERROR]: Пользователь не авторизован
2025-08-18 03:37:13 [ERR_HANDLER] [ERROR]: Пользователь не авторизован
2025-08-18 03:37:13 [ERR_HANDLER] [ERROR]: Пользователь не авторизован
2025-08-18 03:37:14 [ERR_HANDLER] [ERROR]: Пользователь не авторизован
2025-08-18 03:37:14 [ERR_HANDLER] [ERROR]: Пользователь не авторизован
2025-08-18 03:37:14 [ERR_HANDLER] [ERROR]: Пользователь не авторизован
2025-08-18 03:37:14 [ERR_HANDLER] [ERROR]: Пользователь не авторизован
2025-08-18 03:37:14 [ERR_HANDLER] [ERROR]: Пользователь не авторизован
2025-08-18 03:37:14 [ERR_HANDLER] [ERROR]: Пользователь не авторизован
2025-08-18 03:37:15 [ERR_HANDLER] [ERROR]: Пользователь не авторизован
2025-08-18 03:37:15 [ERR_HANDLER] [ERROR]: Пользователь не авторизован
2025-08-18 03:37:15 [ERR_HANDLER] [ERROR]: Пользователь не авторизован
2025-08-18 03:37:15 [ERR_HANDLER] [ERROR]: Пользователь не авторизован
2025-08-18 03:37:16 [ERR_HANDLER] [ERROR]: Пользователь не авторизован
2025-08-18 03:37:16 [ERR_HANDLER] [ERROR]: Пользователь не авторизован
2025-08-18 03:37:17 [ERR_HANDLER] [ERROR]: Пользователь не авторизован
2025-08-18 03:37:18 [ERR_HANDLER] [ERROR]: Пользователь не авторизован
2025-08-18 03:37:21 [ERR_HANDLER] [ERROR]: Пользователь не авторизован
2025-08-18 03:37:21 [ERR_HANDLER] [ERROR]: Пользователь не авторизован
2025-08-18 03:37:23 [ERR_HANDLER] [ERROR]: Пользователь не авторизован
2025-08-18 03:37:23 [ERR_HANDLER] [ERROR]: Пользователь не авторизован
2025-08-18 03:38:10 [ERR_HANDLER] [ERROR]: Пользователь не авторизован
2025-08-18 03:38:10 [ERR_HANDLER] [ERROR]: Пользователь не авторизован
2025-08-18 03:38:14 [ERR_HANDLER] [ERROR]: Пользователь не авторизован
2025-08-18 03:38:14 [ERR_HANDLER] [ERROR]: Пользователь не авторизован
2025-08-18 03:38:40 [ERR_HANDLER] [ERROR]: Пользователь не авторизован
2025-08-18 03:38:40 [ERR_HANDLER] [ERROR]: Пользователь не авторизован
2025-08-18 03:38:40 [ERR_HANDLER] [ERROR]: Пользователь не авторизован
2025-08-18 03:38:41 [ERR_HANDLER] [ERROR]: Пользователь не авторизован
2025-08-18 03:40:22 [ERR_HANDLER] [ERROR]: Пользователь не авторизован
2025-08-18 03:40:22 [ERR_HANDLER] [ERROR]: Пользователь не авторизован
2025-08-18 03:41:51 [MAIN] [INFO]: Server started on port 4000
2025-08-18 03:44:16 [ERR_HANDLER] [ERROR]: Пользователь не авторизован
2025-08-18 03:44:16 [ERR_HANDLER] [ERROR]: Пользователь не авторизован
2025-08-18 03:44:35 [ERR_HANDLER] [ERROR]: Пользователь не авторизован
2025-08-18 03:44:35 [ERR_HANDLER] [ERROR]: Пользователь не авторизован
2025-08-18 03:44:37 [ERR_HANDLER] [ERROR]: Пользователь не авторизован
2025-08-18 03:44:37 [ERR_HANDLER] [ERROR]: Пользователь не авторизован
2025-08-18 12:19:52 [MAIN] [INFO]: Server started on port 4000
2025-08-18 12:19:55 [ERR_HANDLER] [ERROR]: Пользователь не авторизован
2025-08-18 12:19:55 [ERR_HANDLER] [ERROR]: Пользователь не авторизован
2025-08-18 12:19:59 [ERR_HANDLER] [ERROR]: Пользователь не авторизован
2025-08-18 12:19:59 [ERR_HANDLER] [ERROR]: Пользователь не авторизован
2025-08-18 12:23:20 [ERR_HANDLER] [ERROR]: Пользователь не авторизован
2025-08-18 12:23:20 [ERR_HANDLER] [ERROR]: Пользователь не авторизован
